<?xml version="1.0" encoding="UTF-8"?>
<!-- Generated by org.testng.reporters.JUnitReportReporter -->
<testsuite skipped="0" hostname="HEAVEN-PC" name="com.test.Automation.rbsAutomation.ProductAddToCart.TC02_VerifyItemsInOrderHistory" tests="1" failures="0" timestamp="13 Jul 2017 03:46:09 GMT" time="15.648" errors="0">
  <testcase name="VerifyItemsInOrderHistory" time="15.648" classname="com.test.Automation.rbsAutomation.ProductAddToCart.TC02_VerifyItemsInOrderHistory"/>
</testsuite> <!-- com.test.Automation.rbsAutomation.ProductAddToCart.TC02_VerifyItemsInOrderHistory -->
