<?xml version="1.0" encoding="UTF-8"?>
<!-- Generated by org.testng.reporters.JUnitReportReporter -->
<testsuite skipped="0" hostname="HEAVEN-PC" name="com.test.Automation.rbsAutomation.homepage.TC01_VerifyLoginWithValidCredentails" tests="1" failures="0" timestamp="13 Jul 2017 03:45:23 GMT" time="15.178" errors="0">
  <testcase name="VerifyLoginWithValidCredentails" time="15.178" classname="com.test.Automation.rbsAutomation.homepage.TC01_VerifyLoginWithValidCredentails"/>
</testsuite> <!-- com.test.Automation.rbsAutomation.homepage.TC01_VerifyLoginWithValidCredentails -->
