<?xml version="1.0" encoding="UTF-8"?>
<!-- Generated by org.testng.reporters.JUnitReportReporter -->
<testsuite skipped="0" hostname="HEAVEN-PC" name="com.test.Automation.rbsAutomation.ProductAddToCart.TC01_VerifyAddToCart" tests="1" failures="0" timestamp="13 Jul 2017 01:35:46 GMT" time="29.225" errors="0">
  <testcase name="VerifyAddToCart" time="29.225" classname="com.test.Automation.rbsAutomation.ProductAddToCart.TC01_VerifyAddToCart"/>
</testsuite> <!-- com.test.Automation.rbsAutomation.ProductAddToCart.TC01_VerifyAddToCart -->
